<?xml version="1.0" encoding="UTF-8"?>
<!-- Generated by org.testng.reporters.JUnitReportReporter -->
<testsuite hostname="DESKTOP-ELIEKOG" name="com.epam.practice25nov.RegExp" tests="1" failures="0" timestamp="25 Nov 2016 17:13:42 GMT" time="0.016" errors="0">
  <testcase name="RegExpTest12" time="0.016" classname="com.epam.practice25nov.RegExp"/>
</testsuite> <!-- com.epam.practice25nov.RegExp -->
