<?xml version="1.0" encoding="UTF-8"?>
<!-- Generated by org.testng.reporters.JUnitReportReporter -->
<testsuite hostname="DESKTOP-ELIEKOG" name="Practice.Testing" tests="1" failures="0" timestamp="26 May 2016 18:44:01 GMT" time="0.016" errors="0">
  <testcase name="test" time="0.016" classname="Practice.Testing"/>
</testsuite> <!-- Practice.Testing -->
