<?xml version="1.0" encoding="UTF-8"?>
<!-- Generated by org.testng.reporters.JUnitReportReporter -->
<testsuite hostname="DESKTOP-ELIEKOG" name="TestCases.TestCase3" tests="1" failures="0" timestamp="27 May 2016 03:47:34 GMT" time="5.743" errors="0">
  <testcase name="Test1" time="5.743" classname="TestCases.TestCase3"/>
</testsuite> <!-- TestCases.TestCase3 -->
