<?xml version="1.0" encoding="UTF-8"?>
<!-- Generated by org.testng.reporters.JUnitReportReporter -->
<testsuite hostname="DESKTOP-ELIEKOG" name="Practice.Sample" tests="1" failures="0" timestamp="26 Jun 2016 17:56:41 GMT" time="0.018" errors="0">
  <testcase name="compares" time="0.018" classname="Practice.Sample"/>
</testsuite> <!-- Practice.Sample -->
