<?xml version="1.0" encoding="UTF-8"?>
<!-- Generated by org.testng.reporters.JUnitReportReporter -->
<testsuite hostname="DESKTOP-ELIEKOG" name="TestCases.TestCase2" tests="2" failures="0" timestamp="7 Jun 2016 04:32:45 GMT" time="51.883" errors="0">
  <testcase name="SearchInFlipKart" time="17.228" classname="TestCases.TestCase2"/>
  <testcase name="LoginToFlipCart" time="34.655" classname="TestCases.TestCase2"/>
</testsuite> <!-- TestCases.TestCase2 -->
