<?xml version="1.0" encoding="UTF-8"?>
<!-- Generated by org.testng.reporters.JUnitReportReporter -->
<testsuite hostname="DESKTOP-ELIEKOG" name="Practice.Practice1" tests="1" failures="0" timestamp="23 Nov 2016 16:41:44 GMT" time="0.016" errors="0">
  <testcase name="practicing" time="0.016" classname="Practice.Practice1"/>
</testsuite> <!-- Practice.Practice1 -->
