<?xml version="1.0" encoding="UTF-8"?>
<!-- Generated by org.testng.reporters.JUnitReportReporter -->
<testsuite hostname="DESKTOP-ELIEKOG" name="com.epam.practice25nov.BusinessClass" tests="1" failures="0" timestamp="25 Nov 2016 15:44:31 GMT" time="30.718" errors="0">
  <testcase name="FrameWorkExceptionTest" time="30.718" classname="com.epam.practice25nov.BusinessClass"/>
</testsuite> <!-- com.epam.practice25nov.BusinessClass -->
