<?xml version="1.0" encoding="UTF-8"?>
<!-- Generated by org.testng.reporters.JUnitReportReporter -->
<testsuite hostname="DESKTOP-ELIEKOG" name="Practice.StringTests" tests="1" failures="0" timestamp="3 Jun 2016 14:10:02 GMT" time="0.015" errors="0">
  <testcase name="test" time="0.015" classname="Practice.StringTests"/>
</testsuite> <!-- Practice.StringTests -->
