<?xml version="1.0" encoding="UTF-8"?>
<!-- Generated by org.testng.reporters.JUnitReportReporter -->
<testsuite hostname="DESKTOP-ELIEKOG" name="Practice.Pracnov25" tests="1" failures="0" timestamp="25 Nov 2016 15:28:01 GMT" time="0.017" errors="0">
  <testcase name="sampleTest" time="0.017" classname="Practice.Pracnov25"/>
</testsuite> <!-- Practice.Pracnov25 -->
