<?xml version="1.0" encoding="UTF-8"?>
<!-- Generated by org.testng.reporters.JUnitReportReporter -->
<testsuite hostname="DESKTOP-ELIEKOG" name="com.epam.practice25nov.EnumClass" tests="1" failures="0" timestamp="25 Nov 2016 15:32:25 GMT" time="0.017" errors="0">
  <testcase name="EnumTest" time="0.017" classname="com.epam.practice25nov.EnumClass"/>
</testsuite> <!-- com.epam.practice25nov.EnumClass -->
