<?xml version="1.0" encoding="UTF-8"?>
<!-- Generated by org.testng.reporters.JUnitReportReporter -->
<testsuite hostname="DESKTOP-ELIEKOG" name="Practice.annotationtest" tests="1" failures="0" timestamp="26 Jun 2016 15:55:39 GMT" time="0.021" errors="0">
  <testcase name="testmethod" time="0.021" classname="Practice.annotationtest"/>
</testsuite> <!-- Practice.annotationtest -->
